This is pdfTeX, Version 3.141592-1.40.3 (Web2C 7.5.6) (format=latex 2009.6.1)  19 APR 2010 13:08
entering extended mode
**master.tex
(./master.tex
LaTeX2e <2005/12/01>
Babel <v3.8h> and hyphenation patterns for english, usenglishmax, dumylang, noh
yphenation, basque, bulgarian, coptic, welsh, czech, slovak, german, ngerman, d
anish, esperanto, spanish, catalan, galician, estonian, finnish, french, greek,
 monogreek, ancientgreek, croatian, hungarian, interlingua, ibycus, indonesian,
 icelandic, italian, latin, mongolian, dutch, norsk, polish, portuguese, romani
an, russian, slovenian, uppersorbian, serbian, swedish, turkish, ukenglish, ukr
ainian, loaded.
(./iesreport.cls
Document Class: iesreport 1999/10/13 v1.0 LaTeX Rapport Class udkast
(/usr/share/texmf/tex/latex/base/report.cls
Document Class: report 2005/09/16 v1.4f Standard LaTeX document class
(/usr/share/texmf/tex/latex/base/size12.clo
File: size12.clo 2005/09/16 v1.4f Standard LaTeX file (size option)
)
\c@part=\count79
\c@chapter=\count80
\c@section=\count81
\c@subsection=\count82
\c@subsubsection=\count83
\c@paragraph=\count84
\c@subparagraph=\count85
\c@figure=\count86
\c@table=\count87
\abovecaptionskip=\skip41
\belowcaptionskip=\skip42
\bibindent=\dimen102
)
(/usr/share/texmf/tex/latex/base/t1enc.sty
Package: t1enc 1994/06/01 Standard LaTeX package
)
(/usr/share/texmf/tex/generic/babel/babel.sty
Package: babel 2005/11/23 v3.8h The Babel package

(/usr/share/texmf/tex/generic/babel/danish.ldf
Language: danish 2005/03/30 v1.3p Danish support from the babel system

(/usr/share/texmf/tex/generic/babel/babel.def
File: babel.def 2005/11/23 v3.8h Babel common definitions
\babel@savecnt=\count88
\U@D=\dimen103
)
Package babel Info: Making " an active character on input line 82.
)
(/usr/share/texmf/tex/generic/babel/english.ldf
Language: english 2005/03/30 v3.3o English support from the babel system
\l@canadian = a dialect from \language\l@american 
\l@australian = a dialect from \language\l@british 
\l@newzealand = a dialect from \language\l@british 
))
(/usr/share/texmf/tex/latex/graphics/graphicx.sty
Package: graphicx 1999/02/16 v1.0f Enhanced LaTeX Graphics (DPC,SPQR)

(/usr/share/texmf/tex/latex/graphics/keyval.sty
Package: keyval 1999/03/16 v1.13 key=value parser (DPC)
\KV@toks@=\toks14
)
(/usr/share/texmf/tex/latex/graphics/graphics.sty
Package: graphics 2006/02/20 v1.0o Standard LaTeX Graphics (DPC,SPQR)

(/usr/share/texmf/tex/latex/graphics/trig.sty
Package: trig 1999/03/16 v1.09 sin cos tan (DPC)
)
(/usr/lib/texmf/tex/latex/config/graphics.cfg
File: graphics.cfg 2007/01/18 v1.5 graphics configuration of teTeX/TeXLive
)
Package graphics Info: Driver file: dvips.def on input line 90.

(/usr/share/texmf/tex/latex/graphics/dvips.def
File: dvips.def 1999/02/16 v3.0i Driver-dependant file (DPC,SPQR)
))
\Gin@req@height=\dimen104
\Gin@req@width=\dimen105
)
(/usr/share/texmf/tex/latex/fancyhdr/fancyhdr.sty
\fancy@headwidth=\skip43
\f@ncyO@elh=\skip44
\f@ncyO@erh=\skip45
\f@ncyO@olh=\skip46
\f@ncyO@orh=\skip47
\f@ncyO@elf=\skip48
\f@ncyO@erf=\skip49
\f@ncyO@olf=\skip50
\f@ncyO@orf=\skip51
)
(/usr/share/texmf/tex/latex/fancybox/fancybox.sty
Package: fancybox 2000/09/19 1.3

Style option: `fancybox' v1.3 <2000/09/19> (tvz)
\@fancybox=\box26
\shadowsize=\dimen106
\@Sbox=\box27
\do@VerbBox=\toks15
\the@fancyput=\toks16
\this@fancyput=\toks17
\EndVerbatimTokens=\toks18
\Verbatim@Outfile=\write3
\Verbatim@Infile=\read1
) (/usr/share/texmf/tex/latex/amsmath/amsmath.sty
Package: amsmath 2000/07/18 v2.13 AMS math features
\@mathmargin=\skip52

For additional information on amsmath, use the `?' option.
(/usr/share/texmf/tex/latex/amsmath/amstext.sty
Package: amstext 2000/06/29 v2.01

(/usr/share/texmf/tex/latex/amsmath/amsgen.sty
File: amsgen.sty 1999/11/30 v2.0
\@emptytoks=\toks19
\ex@=\dimen107
))
(/usr/share/texmf/tex/latex/amsmath/amsbsy.sty
Package: amsbsy 1999/11/29 v1.2d
\pmbraise@=\dimen108
)
(/usr/share/texmf/tex/latex/amsmath/amsopn.sty
Package: amsopn 1999/12/14 v2.01 operator names
)
\inf@bad=\count89
LaTeX Info: Redefining \frac on input line 211.
\uproot@=\count90
\leftroot@=\count91
LaTeX Info: Redefining \overline on input line 307.
\classnum@=\count92
\DOTSCASE@=\count93
LaTeX Info: Redefining \ldots on input line 379.
LaTeX Info: Redefining \dots on input line 382.
LaTeX Info: Redefining \cdots on input line 467.
\Mathstrutbox@=\box28
\strutbox@=\box29
\big@size=\dimen109
LaTeX Font Info:    Redeclaring font encoding OML on input line 567.
LaTeX Font Info:    Redeclaring font encoding OMS on input line 568.
\macc@depth=\count94
\c@MaxMatrixCols=\count95
\dotsspace@=\muskip10
\c@parentequation=\count96
\dspbrk@lvl=\count97
\tag@help=\toks20
\row@=\count98
\column@=\count99
\maxfields@=\count100
\andhelp@=\toks21
\eqnshift@=\dimen110
\alignsep@=\dimen111
\tagshift@=\dimen112
\tagwidth@=\dimen113
\totwidth@=\dimen114
\lineht@=\dimen115
\@envbody=\toks22
\multlinegap=\skip53
\multlinetaggap=\skip54
\mathdisplay@stack=\toks23
LaTeX Info: Redefining \[ on input line 2666.
LaTeX Info: Redefining \] on input line 2667.
)
(/usr/share/texmf/tex/latex/float/float.sty
Package: float 2001/11/08 v1.3d Float enhancements (AL)
\c@float@type=\count101
\float@exts=\toks24
\float@box=\box30
\@float@everytoks=\toks25
\@floatcapt=\box31
)
(/usr/share/texmf/tex/latex/subfigure/subfigure.sty
Package: subfigure 2002/03/15 v2.1.5 subfigure package
\subfigtopskip=\skip55
\subfigcapskip=\skip56
\subfigcaptopadj=\dimen116
\subfigbottomskip=\skip57
\subfigcapmargin=\dimen117
\subfiglabelskip=\skip58
\c@subfigure=\count102
\c@lofdepth=\count103
\c@subtable=\count104
\c@lotdepth=\count105

****************************************
* Local config file subfigure.cfg used *
****************************************
(/usr/share/texmf/tex/latex/subfigure/subfigure.cfg)
\subfig@top=\skip59
\subfig@bottom=\skip60
)
(/usr/share/texmf/tex/latex/lastpage/lastpage.sty
Package: lastpage 1994/06/25 v0.1b LaTeX2e package for refs to last page number
 (JPG)
)
(/usr/share/texmf/tex/latex/program/program.sty
\@gtempa=\dimen118
\@gtempa=\dimen119
\@gtempa=\dimen120
\@gtempa=\dimen121
\@gtempa=\dimen122
\@gtempa=\dimen123
\@gtempa=\dimen124
\@gtempa=\dimen125
\@gtempa=\dimen126
\@gtempa=\dimen127
\@gtempa=\dimen128
\@gtempa=\dimen129
\@gtempa=\dimen130
\@gtempa=\dimen131
\@gtempa=\dimen132
\@gtempa=\dimen133
\@gtempa=\dimen134
\@gtempa=\dimen135
\@gtempa=\dimen136
\@gtempa=\dimen137
\@gtempa=\dimen138
\@gtempa=\dimen139
\@gtempa=\dimen140
\@gtempa=\dimen141
\@gtempa=\dimen142
\@gtempa=\dimen143
\@gtempa=\dimen144
\@gtempa=\dimen145
\@gtempa=\dimen146
\@gtempa=\dimen147
\@gtempa=\dimen148
\@gtempa=\dimen149
\@gtempa=\dimen150
\@gtempa=\dimen151
\@gtempa=\dimen152
\@gtempa=\dimen153
\@gtempa=\dimen154
\@gtempa=\dimen155
\@gtempa=\dimen156
\@gtempa=\dimen157
\@gtempa=\dimen158
\@gtempa=\dimen159
\@gtempa=\dimen160
\@gtempa=\dimen161
\@gtempa=\dimen162
\@gtempa=\dimen163
\@gtempa=\dimen164
\@gtempa=\dimen165
\@gtempa=\dimen166
\@gtempa=\dimen167
\c@programline=\count106
\old@nxttabmar=\count107
\symeulerletters=\mathgroup4
\powersetbox=\box32
LaTeX Font Info:    Try loading font information for U+eur on input line 798.

(/usr/share/texmf/tex/latex/amsfonts/ueur.fd
File: ueur.fd 2002/01/19 v2.2g AMS font definitions
))
(/usr/share/texmf/tex/latex/caption/caption.sty
Package: caption 2007/01/07 v3.0k Customising captions (AR)

(/usr/share/texmf/tex/latex/caption/caption3.sty
Package: caption3 2007/01/07 v3.0k caption3 kernel (AR)
\captionmargin=\dimen168
\captionmarginx=\dimen169
\captionwidth=\dimen170
\captionindent=\dimen171
\captionparindent=\dimen172
\captionhangindent=\dimen173
)
Package caption Info: float package v1.3 (or newer) detected on input line 275.

)
(/usr/share/texmf/tex/latex/tools/verbatim.sty
Package: verbatim 2003/08/22 v1.5q LaTeX2e package for verbatim enhancements
\every@verbatim=\toks26
\verbatim@line=\toks27
\verbatim@in@stream=\read2
)
(/usr/share/texmf/tex/latex/multirow/multirow.sty
\bigstrutjot=\dimen174
)
(/usr/share/texmf/tex/latex/tools/array.sty
Package: array 2005/08/23 v2.4b Tabular extension package (FMi)
\col@sep=\dimen175
\extrarowheight=\dimen176
\NC@list=\toks28
\extratabsurround=\skip61
\backup@length=\skip62
)
(/usr/share/texmf/tex/latex/base/alltt.sty
Package: alltt 1997/06/16 v2.0g defines alltt environment
)
(/usr/share/texmf/tex/latex/tools/delarray.sty
Package: delarray 1994/03/14 v1.01 array delimiter package (DPC)
)
(/usr/share/texmf/tex/latex/ltxmisc/boxedminipage.sty)
(/usr/share/texmf/tex/latex/setspace/setspace.sty
Package: setspace 2000/12/01 6.7 Contributed and Supported LaTeX2e package

Package: `setspace' 6.7 <2000/12/01>
) (/usr/share/texmf/tex/latex/sectsty/sectsty.sty
Package: sectsty 2002/02/25 v2.0.2 Commands to change all sectional heading sty
les
)
(/usr/share/texmf/tex/latex/natbib/natbib.sty
Package: natbib 2007/02/05 8.0 (PWD)
\bibhang=\skip63
\bibsep=\skip64
LaTeX Info: Redefining \cite on input line 602.
\c@NAT@ctr=\count108
)
(/usr/share/texmf/tex/latex/ltxmisc/url.sty
\Urlmuskip=\muskip11
Package: url 2005/06/27  ver 3.2  Verb mode for urls, etc.
)
(/usr/share/texmf/tex/latex/tools/layout.sty
Package: layout 2000/09/25 v1.2c Show layout parameters
\oneinch=\count109
\cnt@paperwidth=\count110
\cnt@paperheight=\count111
\cnt@hoffset=\count112
\cnt@voffset=\count113
\cnt@textheight=\count114
\cnt@textwidth=\count115
\cnt@topmargin=\count116
\cnt@oddsidemargin=\count117
\cnt@evensidemargin=\count118
\cnt@headheight=\count119
\cnt@headsep=\count120
\cnt@marginparsep=\count121
\cnt@marginparwidth=\count122
\cnt@marginparpush=\count123
\cnt@footskip=\count124
\fheight=\count125
\ref@top=\count126
\ref@hoffset=\count127
\ref@voffset=\count128
\ref@head=\count129
\ref@body=\count130
\ref@foot=\count131
\ref@margin=\count132
\ref@marginwidth=\count133
\ref@marginpar=\count134
\Interval=\count135
\ExtraYPos=\count136
\PositionX=\count137
\PositionY=\count138
\ArrowLength=\count139
)
(/usr/share/texmf/tex/latex/geometry/geometry.sty
Package: geometry 2002/07/08 v3.2 Page Geometry
\Gm@cnth=\count140
\Gm@cntv=\count141
\c@Gm@tempcnt=\count142
\Gm@bindingoffset=\dimen177
\Gm@wd@mp=\dimen178
\Gm@odd@mp=\dimen179
\Gm@even@mp=\dimen180
\Gm@dimlist=\toks29
)
(/usr/share/texmf/tex/latex/booktabs/booktabs.sty
Package: booktabs 2005/03/16 v1.6180 publication quality tables
\heavyrulewidth=\dimen181
\lightrulewidth=\dimen182
\cmidrulewidth=\dimen183
\belowrulesep=\dimen184
\belowbottomsep=\dimen185
\aboverulesep=\dimen186
\abovetopsep=\dimen187
\cmidrulesep=\dimen188
\cmidrulekern=\dimen189
\defaultaddspace=\dimen190
\@cmidla=\count143
\@cmidlb=\count144
\@aboverulesep=\dimen191
\@belowrulesep=\dimen192
\@thisruleclass=\count145
\@lastruleclass=\count146
\@thisrulewidth=\dimen193
)
(/usr/share/texmf/tex/latex/rcs/rcs.sty
Package: rcs 2003/02/02 v2.10 typeset info from RCS fields
\rcsLogIntro=\toks30
)
(/usr/share/texmf/tex/latex/tools/bm.sty
Package: bm 2004/02/26 v1.1c Bold Symbol Support (DPC/FMi)
\symboldoperators=\mathgroup5
\symboldletters=\mathgroup6
\symboldsymbols=\mathgroup7
LaTeX Font Info:    Redeclaring math alphabet \mathbf on input line 137.
LaTeX Info: Redefining \bm on input line 203.
)
(/usr/share/texmf/tex/latex/psfrag/psfrag.sty
Package: psfrag 1998/04/11 v3.04 PSfrag (MCG)
\pfg@pcount=\count147
\pfg@scount=\count148
\pfg@temp=\write4
)
(/usr/share/texmf/tex/latex/picinpar/picinpar.sty
Pictures in Paragraphs. Version 1.2a, July 13, 1993
\br=\count149
\bl=\count150
\na=\count151
\nb=\count152
\tcdsav=\count153
\tcl=\count154
\tcd=\count155
\tcn=\count156
\cumtcl=\count157
\cumpartcl=\count158
\lftside=\dimen194
\rtside=\dimen195
\hpic=\dimen196
\vpic=\dimen197
\strutilg=\dimen198
\picwd=\dimen199
\topheight=\dimen200
\ilg=\dimen201
\lpic=\dimen202
\lwindowsep=\dimen203
\rwindowsep=\dimen204
\cumpar=\dimen205
\twa=\toks31
\la=\toks32
\ra=\toks33
\ha=\toks34
\pictoc=\toks35
\rawtext=\box33
\holder=\box34
\windowbox=\box35
\wartext=\box36
\finaltext=\box37
\aslice=\box38
\bslice=\box39
\wbox=\box40
\wstrutbox=\box41
\picbox=\box42
\waslice=\box43
\wbslice=\box44
\fslice=\box45
) (/usr/share/texmf/tex/latex/tools/longtable.sty
Package: longtable 2004/02/01 v4.11 Multi-page Table package (DPC)
\LTleft=\skip65
\LTright=\skip66
\LTpre=\skip67
\LTpost=\skip68
\LTchunksize=\count159
\LTcapwidth=\dimen206
\LT@head=\box46
\LT@firsthead=\box47
\LT@foot=\box48
\LT@lastfoot=\box49
\LT@cols=\count160
\LT@rows=\count161
\c@LT@tables=\count162
\c@LT@chunks=\count163
\LT@p@ftn=\toks36
)
(/usr/share/texmf/tex/latex/acronym/acronym.sty
Package: acronym 2006/06/26 v1.26 Support for acronyms (Tobias Oetiker)

(/usr/share/texmf/tex/latex/bigfoot/suffix.sty
Package: suffix 2006/07/15 1.5 Variant command support
)
\clearlist=\toks37
)
(/usr/share/texmf/tex/latex/tocbibind/tocbibind.sty
Package: tocbibind 2003/03/13 v1.5g extra ToC listings


Package tocbibind Note: The document has chapter divisions.


Package tocbibind Note: Using chapter style headings, unless overridden.

) (/usr/share/texmf/tex/latex/psnfss/times.sty
Package: times 2005/04/12 PSNFSS-v9.2a (SPQR) 
)
(/usr/share/texmf/tex/latex/psnfss/mathptm.sty
Package: mathptm 2005/04/12 PSNFSS-v9.2a Times w/ Math (SPQR, WaS) 


Package mathptm Warning: This package is to be regarded as obsolete.
(mathptm)                See the PSNFSS documentation.

LaTeX Font Info:    Redeclaring symbol font `operators' on input line 31.
LaTeX Font Info:    Overwriting symbol font `operators' in version `normal'
(Font)                  OT1/cmr/m/n --> OT1/ptmcm/m/n on input line 31.
LaTeX Font Info:    Overwriting symbol font `operators' in version `bold'
(Font)                  OT1/cmr/bx/n --> OT1/ptmcm/m/n on input line 31.
LaTeX Font Info:    Redeclaring symbol font `letters' on input line 32.
LaTeX Font Info:    Overwriting symbol font `letters' in version `normal'
(Font)                  OML/cmm/m/it --> OML/ptmcm/m/it on input line 32.
LaTeX Font Info:    Overwriting symbol font `letters' in version `bold'
(Font)                  OML/cmm/b/it --> OML/ptmcm/m/it on input line 32.
LaTeX Font Info:    Redeclaring symbol font `symbols' on input line 33.
LaTeX Font Info:    Overwriting symbol font `symbols' in version `normal'
(Font)                  OMS/cmsy/m/n --> OMS/pzccm/m/n on input line 33.
LaTeX Font Info:    Overwriting symbol font `symbols' in version `bold'
(Font)                  OMS/cmsy/b/n --> OMS/pzccm/m/n on input line 33.
LaTeX Font Info:    Redeclaring symbol font `largesymbols' on input line 34.
LaTeX Font Info:    Overwriting symbol font `largesymbols' in version `normal'
(Font)                  OMX/cmex/m/n --> OMX/psycm/m/n on input line 34.
LaTeX Font Info:    Overwriting symbol font `largesymbols' in version `bold'
(Font)                  OMX/cmex/m/n --> OMX/psycm/m/n on input line 34.
\symbold=\mathgroup8
\symitalic=\mathgroup9
LaTeX Font Info:    Redeclaring math alphabet \mathbf on input line 37.
LaTeX Font Info:    Redeclaring math alphabet \mathit on input line 38.
LaTeX Font Info:    Overwriting math alphabet `\mathit' in version `normal'
(Font)                  OT1/cmr/m/it --> OT1/ptm/m/it on input line 38.
LaTeX Font Info:    Overwriting math alphabet `\mathit' in version `bold'
(Font)                  OT1/cmr/bx/it --> OT1/ptm/m/it on input line 38.
)
\c@algorithm=\count164
\@float@every@figure=\toks38
\@float@every@table=\toks39
) (./preamble.tex) (./master.aux (./frontmatter.aux) (./chap_1.aux)
(./bibliography.aux) (./app_1.aux) (./colophon.aux))
\openout1 = `master.aux'.

LaTeX Font Info:    Checking defaults for OML/cmm/m/it on input line 16.
LaTeX Font Info:    ... okay on input line 16.
LaTeX Font Info:    Checking defaults for T1/cmr/m/n on input line 16.
LaTeX Font Info:    ... okay on input line 16.
LaTeX Font Info:    Checking defaults for OT1/cmr/m/n on input line 16.
LaTeX Font Info:    ... okay on input line 16.
LaTeX Font Info:    Checking defaults for OMS/cmsy/m/n on input line 16.
LaTeX Font Info:    ... okay on input line 16.
LaTeX Font Info:    Checking defaults for OMX/cmex/m/n on input line 16.
LaTeX Font Info:    ... okay on input line 16.
LaTeX Font Info:    Checking defaults for U/cmr/m/n on input line 16.
LaTeX Font Info:    ... okay on input line 16.
LaTeX Font Info:    Try loading font information for T1+ptm on input line 16.

(/usr/share/texmf/tex/latex/psnfss/t1ptm.fd
File: t1ptm.fd 2001/06/04 font definitions for T1/ptm.
)
(/usr/share/texmf/tex/latex/ragged2e/ragged2e.sty
Package: ragged2e 2003/03/25 v2.04 ragged2e Package (MS)

(/usr/share/texmf/tex/latex/everysel/everysel.sty
Package: everysel 1999/06/08 v1.03 EverySelectfont Package (MS)
LaTeX Info: Redefining \selectfont on input line 125.
)
\CenteringLeftskip=\skip69
\RaggedLeftLeftskip=\skip70
\RaggedRightLeftskip=\skip71
\CenteringRightskip=\skip72
\RaggedLeftRightskip=\skip73
\RaggedRightRightskip=\skip74
\CenteringParfillskip=\skip75
\RaggedLeftParfillskip=\skip76
\RaggedRightParfillskip=\skip77
\JustifyingParfillskip=\skip78
\CenteringParindent=\skip79
\RaggedLeftParindent=\skip80
\RaggedRightParindent=\skip81
\JustifyingParindent=\skip82
)
Package caption Info: longtable package v3.15 (or newer) detected on input line
 16.

-------------------- Geometry parameters
paper: a4paper
landscape: --
twocolumn: --
twoside: true
asymmetric: --
h-parts: 71.70166pt, 0.7\paperwidth , 107.55254pt
v-parts: 101.40665pt, 0.7\paperheight , 152.11pt (default)
hmarginratio: 2:3
vmarginratio: 2:3
lines: --
heightrounded: --
bindingoffset: 0.0pt
truedimen: --
includehead: --
includefoot: --
includemp: --
driver: dvips
-------------------- Page layout dimensions and switches
\paperwidth  597.50787pt
\paperheight 845.04684pt
\textwidth  418.25368pt
\textheight 591.5302pt
\oddsidemargin  -0.56833pt
\evensidemargin 35.28255pt
\topmargin  -11.86334pt
\headheight 16.0pt
\headsep    25.0pt
\footskip   30.0pt
\marginparwidth 85.0pt
\marginparsep   10.0pt
\columnsep  10.0pt
\skip\footins  10.8pt plus 4.0pt minus 2.0pt
\hoffset 0.0pt
\voffset 0.0pt
\mag 1000
\@twosidetrue \@mparswitchtrue 
(1in=72.27pt, 1cm=28.45pt)
-----------------------
\openout2 = `frontmatter.aux'.

(./frontmatter.tex
LaTeX Font Info:    Try loading font information for T1+phv on input line 21.
 (/usr/share/texmf/tex/latex/psnfss/t1phv.fd
File: t1phv.fd 2001/06/04 scalable font definitions for T1/phv.
)
Underfull \hbox (badness 10000) in paragraph at lines 21--21

 []

[1


] [2

]
LaTeX Font Info:    Font shape `T1/phv/bx/n' in size <12> not available
(Font)              Font shape `T1/phv/b/n' tried instead on input line 36.
File: ./eps/auclogo.eps Graphic file (type eps)
 <./eps/auclogo.eps>
Overfull \hbox (10.81767pt too wide) in paragraph at lines 33--51
[][]  [] 
 []

LaTeX Font Info:    Try loading font information for OT1+ptmcm on input line 64
.
(/usr/share/texmf/tex/latex/psnfss/ot1ptmcm.fd
File: ot1ptmcm.fd 2000/01/03 Fontinst v1.801 font definitions for OT1/ptmcm.
)
LaTeX Font Info:    Try loading font information for OML+ptmcm on input line 64
.

(/usr/share/texmf/tex/latex/psnfss/omlptmcm.fd
File: omlptmcm.fd 2000/01/03 Fontinst v1.801 font definitions for OML/ptmcm.
)
LaTeX Font Info:    Try loading font information for OMS+pzccm on input line 64
.

(/usr/share/texmf/tex/latex/psnfss/omspzccm.fd
File: omspzccm.fd 2000/01/03 Fontinst v1.801 font definitions for OMS/pzccm.
)
LaTeX Font Info:    Try loading font information for OMX+psycm on input line 64
.

(/usr/share/texmf/tex/latex/psnfss/omxpsycm.fd
File: omxpsycm.fd 2000/01/03 Fontinst v1.801 font definitions for OMX/psycm.
)
LaTeX Font Info:    Try loading font information for OT1+ptm on input line 64.

(/usr/share/texmf/tex/latex/psnfss/ot1ptm.fd
File: ot1ptm.fd 2001/06/04 font definitions for OT1/ptm.
)
LaTeX Font Info:    Font shape `OT1/ptm/bx/n' in size <12> not available
(Font)              Font shape `OT1/ptm/b/n' tried instead on input line 64.
LaTeX Font Info:    Font shape `OT1/ptm/bx/n' in size <9> not available
(Font)              Font shape `OT1/ptm/b/n' tried instead on input line 64.
LaTeX Font Info:    Font shape `OT1/ptm/bx/n' in size <7> not available
(Font)              Font shape `OT1/ptm/b/n' tried instead on input line 64.
LaTeX Font Info:    Font shape `T1/phv/bx/n' in size <14.4> not available
(Font)              Font shape `T1/phv/b/n' tried instead on input line 107.

Overfull \hbox (3.39128pt too wide) in paragraph at lines 82--108
[]$[]$  [] 
 []

LaTeX Font Info:    Try loading font information for OMS+ptm on input line 127.

(/usr/share/texmf/tex/latex/psnfss/omsptm.fd
File: omsptm.fd 
)
LaTeX Font Info:    Font shape `OMS/ptm/m/n' in size <10> not available
(Font)              Font shape `OMS/cmsy/m/n' tried instead on input line 127.
 [3] [4

]
File: ./eps/auclogo.eps Graphic file (type eps)
 <./eps/auclogo.eps>
Overfull \hbox (10.81767pt too wide) in paragraph at lines 148--166
[][]  [] 
 []


Overfull \hbox (3.39128pt too wide) in paragraph at lines 197--223
[]$[]$  [] 
 []

[5] [6

]
LaTeX Font Info:    Font shape `T1/ptm/bx/n' in size <24.88> not available
(Font)              Font shape `T1/ptm/b/n' tried instead on input line 255.
LaTeX Font Info:    Font shape `T1/phv/bx/n' in size <24.88> not available
(Font)              Font shape `T1/phv/b/n' tried instead on input line 255.
LaTeX Font Info:    Font shape `T1/ptm/bx/n' in size <17.28> not available
(Font)              Font shape `T1/ptm/b/n' tried instead on input line 268.
LaTeX Font Info:    Font shape `T1/phv/bx/n' in size <17.28> not available
(Font)              Font shape `T1/phv/b/n' tried instead on input line 268.
File: ./eps/signature-fkj.eps Graphic file (type eps)
 <./eps/signature-fkj.eps> [1

] [2

] (./master.toc
LaTeX Font Info:    Font shape `T1/ptm/bx/n' in size <12> not available
(Font)              Font shape `T1/ptm/b/n' tried instead on input line 5.
)
\tf@toc=\write5
\openout5 = `master.toc'.

 [3

] [4

] (./master.lof
Overfull \hbox (0.39482pt too wide) in paragraph at lines 10--10
 [][] []\T1/ptm/m/n/12 Closed and open snakes curves with the pa-ram-e-ter rep-
re-sen-ta-tion $\OML/ptmcm/m/it/12 C\OT1/ptmcm/m/n/12 (\OML/ptmcm/m/it/12 s\OT1
/ptmcm/m/n/12 ) = 
 []


Package natbib Warning: Citation `cohen91' on page v undefined on input line 21
.

)
\tf@lof=\write6
\openout6 = `master.lof'.

 [5

] [6

] (./master.lot)
\tf@lot=\write7
\openout7 = `master.lot'.

 [7

] [8

])
\openout2 = `chap_1.aux'.

 (./chap_1.tex
Chapter 1.

Overfull \hbox (1.82314pt too wide) in paragraph at lines 9--9
[]\T1/phv/b/n/17.28 Snakes, Ac-tive Con-tours and De-formable Mod-
 []


Package natbib Warning: Citation `kass88' on page 1 undefined on input line 19.



Package natbib Warning: Citation `xu97a' on page 1 undefined on input line 28.


Package natbib Warning: Citation `xu97b' on page 1 undefined on input line 28.

File: ./eps/snake-example-start.eps Graphic file (type eps)
<./eps/snake-example-start.eps>
LaTeX Font Info:    Font shape `T1/phv/bx/n' in size <10.95> not available
(Font)              Font shape `T1/phv/b/n' tried instead on input line 47.
 [1



]

Package natbib Warning: Citation `kass88' on page 2 undefined on input line 66.


[2]
LaTeX Font Info:    Font shape `T1/ptm/bx/n' in size <14.4> not available
(Font)              Font shape `T1/ptm/b/n' tried instead on input line 90.


Package natbib Warning: Citation `mcinerney95' on page 3 undefined on input lin
e 136.


Package natbib Warning: Citation `mcinerney97' on page 3 undefined on input lin
e 136.


Package natbib Warning: Citation `mcinerney99' on page 3 undefined on input lin
e 136.

File: ./eps/snake-topological-example.eps Graphic file (type eps)
<./eps/snake-topological-example.eps>

LaTeX Warning: Reference `sec:aim-study' on page 3 undefined on input line 154.


[3]
File: ./eps/snake-traditional-open.eps Graphic file (type eps)
 <./eps/snake-traditional-open.eps>

LaTeX Font Warning: Command \small invalid in math mode on input line 181.

File: ./eps/snake-traditional-closed.eps Graphic file (type eps)
<./eps/snake-traditional-closed.eps>

LaTeX Font Warning: Command \small invalid in math mode on input line 181.

LaTeX Font Info:    Font shape `OT1/ptm/bx/n' in size <10.95> not available
(Font)              Font shape `OT1/ptm/b/n' tried instead on input line 183.
LaTeX Font Info:    Font shape `OT1/ptm/bx/n' in size <8> not available
(Font)              Font shape `OT1/ptm/b/n' tried instead on input line 183.
LaTeX Font Info:    Font shape `OT1/ptm/bx/n' in size <6> not available
(Font)              Font shape `OT1/ptm/b/n' tried instead on input line 183.

Overfull \hbox (37.90567pt too wide) in paragraph at lines 181--185
 [][] 
 []

[4] [5]
File: ./eps/internal-energy-tension-proportional.eps Graphic file (type eps)
 <./eps/internal-energy-tension-proportional.eps>
Underfull \hbox (badness 2698) in paragraph at lines 263--263
[]\T1/ptm/m/n/10.95 (a) Ten-sion en-ergy is pro-por-
 []

File: ./eps/internal-energy-tension-stretch-node.eps Graphic file (type eps)
<./eps/internal-energy-tension-stretch-node.eps>
File: ./eps/internal-energy-rigidity-proportional.eps Graphic file (type eps)

<./eps/internal-energy-rigidity-proportional.eps>
File: ./eps/internal-energy-rigidity-curvature.eps Graphic file (type eps)

<./eps/internal-energy-rigidity-curvature.eps>
File: ./eps/internal-energy-rigidity-curvature-result.eps Graphic file (type ep
s)

<./eps/internal-energy-rigidity-curvature-result.eps>
Overfull \hbox (36.35504pt too wide) in paragraph at lines 290--293
 [][] 
 []


Underfull \vbox (badness 10000) has occurred while \output is active []

 [6]
File: ./eps/external-energy-sign-plus.eps Graphic file (type eps)

<./eps/external-energy-sign-plus.eps>
File: ./eps/external-energy-sign-minus.eps Graphic file (type eps)
 <./eps/external-energy-sign-minus.eps>
[7]

Package natbib Warning: Citation `xu97a' on page 8 undefined on input line 373.



Package natbib Warning: Citation `xu97b' on page 8 undefined on input line 373.



Package natbib Warning: Citation `kass88' on page 8 undefined on input line 387
.

[8]

Package natbib Warning: Citation `cohen91' on page 9 undefined on input line 41
7.


Package natbib Warning: Citation `cohen93' on page 9 undefined on input line 41
8.


Package natbib Warning: Citation `xu93' on page 9 undefined on input line 420.


Package natbib Warning: Citation `wang98' on page 9 undefined on input line 423
.


Package natbib Warning: Citation `li99' on page 9 undefined on input line 423.


Package natbib Warning: Citation `wang98' on page 9 undefined on input line 440
.


Package natbib Warning: Citation `li99' on page 9 undefined on input line 440.

[9]

Package natbib Warning: Citation `mcinerney95' on page 10 undefined on input li
ne 465.


Package natbib Warning: Citation `mcinerney97' on page 10 undefined on input li
ne 465.


Package natbib Warning: Citation `mcinerney95' on page 10 undefined on input li
ne 474.


Package natbib Warning: Citation `mogensen99' on page 10 undefined on input lin
e 477.

[10]

Package natbib Warning: Citation `kass88' on page 11 undefined on input line 54
7.


Package natbib Warning: Citation `cohen91' on page 11 undefined on input line 5
48.


Package natbib Warning: Citation `cohen93' on page 11 undefined on input line 5
49.


Package natbib Warning: Citation `amini88' on page 11 undefined on input line 5
49.


Package natbib Warning: Citation `amini90' on page 11 undefined on input line 5
50.


Package natbib Warning: Citation `williams90' on page 11 undefined on input lin
e 551.


Package natbib Warning: Citation `yan94' on page 11 undefined on input line 551
.


Package natbib Warning: Citation `yan97' on page 11 undefined on input line 552
.


Package natbib Warning: Citation `menet90' on page 11 undefined on input line 5
52.


Package natbib Warning: Citation `lorigo98' on page 11 undefined on input line 
553.


Package natbib Warning: Citation `caselles97' on page 11 undefined on input lin
e 553.


Package natbib Warning: Citation `osher88' on page 11 undefined on input line 5
54.


Package natbib Warning: Citation `kass88' on page 11 undefined on input line 56
2.


Package natbib Warning: Citation `waite90' on page 11 undefined on input line 5
62.


Package natbib Warning: Citation `leymarie92' on page 11 undefined on input lin
e 562.


Package natbib Warning: Citation `leymarie93' on page 11 undefined on input lin
e 562.


Package natbib Warning: Citation `hassanien99' on page 11 undefined on input li
ne 562.

[11]

LaTeX Warning: Reference `sec:difference-derivatives' on page 12 undefined on i
nput line 587.


Package natbib Warning: Citation `amini90' on page 12 undefined on input line 6
09.


Package natbib Warning: Citation `cohen91' on page 12 undefined on input line 6
13.


Package natbib Warning: Citation `cohen91' on page 12 undefined on input line 6
18.

File: ./eps/energy-zero-transition.eps Graphic file (type eps)
<./eps/energy-zero-transition.eps>
LaTeX Font Info:    Font shape `T1/ptm/bx/n' in size <10.95> not available
(Font)              Font shape `T1/ptm/b/n' tried instead on input line 628.


Package natbib Warning: Citation `cohen91' on page 12 undefined on input line 6
28.


Package natbib Warning: Citation `cohen91' on page 12 undefined on input line 6
28.


Package natbib Warning: Citation `cohen91' on page 12 undefined on input line 6
37.


Package natbib Warning: Citation `cohen93' on page 12 undefined on input line 6
37.


Underfull \vbox (badness 10000) has occurred while \output is active []

 [12]

Package natbib Warning: Citation `cohen93' on page 13 undefined on input line 6
46.


Package natbib Warning: Citation `amini88' on page 13 undefined on input line 6
67.


Package natbib Warning: Citation `amini90' on page 13 undefined on input line 6
67.

[13]
File: ./eps/energy-dp-grid-size.eps Graphic file (type eps)
 <./eps/energy-dp-grid-size.eps>
File: ./eps/energy-dp-decision-set.eps Graphic file (type eps)
 <./eps/energy-dp-decision-set.eps>

Package natbib Warning: Citation `williams90' on page 14 undefined on input lin
e 721.


Package natbib Warning: Citation `yan94' on page 14 undefined on input line 721
.


Package natbib Warning: Citation `yan97' on page 14 undefined on input line 721
.

[14]
File: ./eps/energy-greedy-decision-set.eps Graphic file (type eps)
 <./eps/energy-greedy-decision-set.eps>

Package natbib Warning: Citation `menet90' on page 15 undefined on input line 7
66.


Package natbib Warning: Citation `liao92' on page 15 undefined on input line 76
6.


Underfull \vbox (badness 5105) has occurred while \output is active []

 [15]

Package natbib Warning: Citation `williams97' on page 16 undefined on input lin
e 799.


Package natbib Warning: Citation `lobregt95' on page 16 undefined on input line
 799.

File: ./eps/energy-geometric-aspect.eps Graphic file (type eps)
<./eps/energy-geometric-aspect.eps>

Package natbib Warning: Citation `osher88' on page 16 undefined on input line 8
14.


Package natbib Warning: Citation `malladi95' on page 16 undefined on input line
 814.


Package natbib Warning: Citation `lorigo98' on page 16 undefined on input line 
814.


Package natbib Warning: Citation `wang98' on page 16 undefined on input line 81
4.


Package natbib Warning: Citation `wang98b' on page 16 undefined on input line 8
14.

[16]
File: ./eps/energy-level-set-approach.eps Graphic file (type eps)
 <./eps/energy-level-set-approach.eps> [17]

LaTeX Warning: Reference `sec:models-thin-elong' on page 18 undefined on input 
line 859.

LaTeX Font Info:    Font shape `OMS/ptm/m/n' in size <12> not available
(Font)              Font shape `OMS/cmsy/m/n' tried instead on input line 863.
[18]
Overfull \hbox (1.88202pt too wide) in paragraph at lines 935--937
[]\T1/ptm/m/n/12 The FDM, FEM, and B-snakes are not guar-an-teed to find a glob
al
 []

[19] [20])
\openout2 = `bibliography.aux'.

 (./bibliography.tex
No file master.bbl.
)
\openout2 = `app_1.aux'.

 (./app_1.tex
Appendix A.

Underfull \vbox (badness 2050) has occurred while \output is active []

 [21







]
[22] [23]
File: ./eps/curvature-trihedron.eps Graphic file (type eps)
 <./eps/curvature-trihedron.eps>
Overfull \hbox (14.36256pt too wide) in paragraph at lines 221--224
 [][] 
 []

File: ./eps/frenet-plane.eps Graphic file (type eps)
<./eps/frenet-plane.eps>
File: ./eps/frenet-plane-frame.eps Graphic file (type eps)
 <./eps/frenet-plane-frame.eps>
Underfull \vbox (badness 4792) has occurred while \output is active []

 [24]
[25] [26])
\openout2 = `colophon.aux'.

 (./colophon.tex
LaTeX Font Info:    Try loading font information for T1+pcr on input line 12.
 (/usr/share/texmf/tex/latex/psnfss/t1pcr.fd
File: t1pcr.fd 2001/06/04 font definitions for T1/pcr.
)
[27




] [28

]) AED: lastpage setting LastPage

Package natbib Warning: There were undefined citations.

(./master.aux (./frontmatter.aux) (./chap_1.aux) (./bibliography.aux)
(./app_1.aux) (./colophon.aux))

LaTeX Warning: There were undefined references.

 ) 
Here is how much of TeX's memory you used:
 4993 strings out of 94087
 65115 string characters out of 1167724
 139265 words of memory out of 3500000
 8047 multiletter control sequences out of 10000+50000
 74199 words of font info for 111 fonts, out of 1200000 for 2000
 645 hyphenation exceptions out of 8191
 42i,12n,46p,510b,401s stack positions out of 5000i,500n,6000p,200000b,5000s

Output written on master.dvi (42 pages, 101524 bytes).
